<?xml version="1.0" encoding="UTF-8"?>
<robot generator="Robot 5.0.1 (Python 3.10.5 on win32)" generated="20240611 10:36:56.033" rpa="false" schemaversion="3">
<suite id="s1" name="Test-API-TC-010" source="c:\Users\ysavchenko\Documents\Projects\EMSDATES\DVUM\test-robot-image-gallery\TestSuite-API\TestsSuite\Test-API-TC-010.robot">
<test id="s1-t1" name="Test-API-TC-010" line="11">
<kw name="Open API" library="commonKeywords" type="SETUP">
<doc>Open the web browser passed as argument (default browser is chrome) and open the API page</doc>
<kw name="Run Keyword" library="BuiltIn">
<arg>Setup ${browser}</arg>
<doc>Executes the given keyword with the given arguments.</doc>
<kw name="Setup chrome" library="commonKeywords">
<doc>Configure the google chrome webdriver</doc>
<kw name="Evaluate" library="BuiltIn">
<var>${options_chrome}</var>
<arg>sys.modules['selenium.webdriver'].ChromeOptions()</arg>
<arg>sys, selenium.webdriver</arg>
<doc>Evaluates the given expression in Python and returns the result.</doc>
<msg timestamp="20240611 10:36:57.373" level="FAIL">Evaluating expression 'sys.modules['selenium.webdriver'].ChromeOptions()' failed: ModuleNotFoundError: No module named 'selenium'</msg>
<status status="FAIL" starttime="20240611 10:36:57.366" endtime="20240611 10:36:57.398"/>
</kw>
<kw name="Call Method" library="BuiltIn">
<arg>${options_chrome}</arg>
<arg>add_argument</arg>
<arg>no-sandbox</arg>
<doc>Calls the named method of the given object with the provided arguments.</doc>
<status status="NOT RUN" starttime="20240611 10:36:57.400" endtime="20240611 10:36:57.401"/>
</kw>
<kw name="Call Method" library="BuiltIn">
<arg>${options_chrome}</arg>
<arg>add_argument</arg>
<arg>headless</arg>
<doc>Calls the named method of the given object with the provided arguments.</doc>
<status status="NOT RUN" starttime="20240611 10:36:57.401" endtime="20240611 10:36:57.402"/>
</kw>
<kw name="Call Method" library="BuiltIn">
<arg>${options_chrome}</arg>
<arg>add_argument</arg>
<arg>enable-automation</arg>
<doc>Calls the named method of the given object with the provided arguments.</doc>
<status status="NOT RUN" starttime="20240611 10:36:57.402" endtime="20240611 10:36:57.403"/>
</kw>
<kw name="Call Method" library="BuiltIn">
<arg>${options_chrome}</arg>
<arg>add_argument</arg>
<arg>disable-gpu</arg>
<doc>Calls the named method of the given object with the provided arguments.</doc>
<status status="NOT RUN" starttime="20240611 10:36:57.403" endtime="20240611 10:36:57.404"/>
</kw>
<kw name="Call Method" library="BuiltIn">
<arg>${options_chrome}</arg>
<arg>add_argument</arg>
<arg>force-device-scale-factor\=0.65</arg>
<doc>Calls the named method of the given object with the provided arguments.</doc>
<status status="NOT RUN" starttime="20240611 10:36:57.405" endtime="20240611 10:36:57.405"/>
</kw>
<kw name="Log" library="BuiltIn">
<arg>${EXECDIR}</arg>
<doc>Logs the given message with the given level.</doc>
<status status="NOT RUN" starttime="20240611 10:36:57.406" endtime="20240611 10:36:57.406"/>
</kw>
<kw name="Create Webdriver">
<arg>driver_name=Chrome</arg>
<arg>executable_path=${EXECDIR}/Runners/chromedriver.exe</arg>
<arg>chrome_options=${options_chrome}</arg>
<status status="NOT RUN" starttime="20240611 10:36:57.413" endtime="20240611 10:36:57.414"/>
</kw>
<kw name="Set Window Size">
<arg>1920</arg>
<arg>1080</arg>
<status status="NOT RUN" starttime="20240611 10:36:57.420" endtime="20240611 10:36:57.421"/>
</kw>
<status status="FAIL" starttime="20240611 10:36:57.365" endtime="20240611 10:36:57.422"/>
</kw>
<status status="FAIL" starttime="20240611 10:36:57.365" endtime="20240611 10:36:57.423"/>
</kw>
<kw name="Go To">
<arg>${ng_api_page}</arg>
<status status="NOT RUN" starttime="20240611 10:36:57.432" endtime="20240611 10:36:57.432"/>
</kw>
<kw name="Capture Page Screenshot">
<arg>filename=ng-api-page.png</arg>
<status status="NOT RUN" starttime="20240611 10:36:57.437" endtime="20240611 10:36:57.437"/>
</kw>
<status status="FAIL" starttime="20240611 10:36:57.363" endtime="20240611 10:36:57.438"/>
</kw>
<kw name="Close Browser" type="TEARDOWN">
<msg timestamp="20240611 10:36:57.446" level="FAIL">No keyword with name 'Close Browser' found.</msg>
<status status="FAIL" starttime="20240611 10:36:57.445" endtime="20240611 10:36:57.446">No keyword with name 'Close Browser' found.</status>
</kw>
<doc>Validate get all data to API and get response 200.
The following steps are executed:
- Open the API page
- Call list-layers endpoint
- Verify if response is True
- Call list-regions endpoint
- Verify if response is True
- Call list-supported-formats endpoint
- Verify if response is True
- Call list-regions endpoint
- Verify if response is True
- Call add-parameter endpoint
- Verify if response is True
- Call retrieve-image endpoint
- Verify if response is True
- Call list-available-times endpoint
- Verify if response is True</doc>
<status status="FAIL" starttime="20240611 10:36:57.339" endtime="20240611 10:36:57.447">Setup failed:
Evaluating expression 'sys.modules['selenium.webdriver'].ChromeOptions()' failed: ModuleNotFoundError: No module named 'selenium'

Also teardown failed:
No keyword with name 'Close Browser' found.</status>
</test>
<doc>This test verifies that all the API functions retrieve a 200 response</doc>
<status status="FAIL" starttime="20240611 10:36:56.054" endtime="20240611 10:36:57.453"/>
</suite>
<statistics>
<total>
<stat pass="0" fail="1" skip="0">All Tests</stat>
</total>
<tag>
</tag>
<suite>
<stat pass="0" fail="1" skip="0" id="s1" name="Test-API-TC-010">Test-API-TC-010</stat>
</suite>
</statistics>
<errors>
<msg timestamp="20240611 10:36:57.327" level="ERROR">Error in file 'c:\Users\ysavchenko\Documents\Projects\EMSDATES\DVUM\test-robot-image-gallery\Resources\Common\commonLibraries.resource' on line 9: Importing library 'SeleniumLibrary' failed: ModuleNotFoundError: No module named 'SeleniumLibrary'
Traceback (most recent call last):
  None
PYTHONPATH:
  c:\Users\ysavchenko\.vscode\extensions\robocorp.robotframework-lsp-1.12.0\src\robotframework_debug_adapter
  C:\Users\ysavchenko\Documents\Projects\EMSDATES\DVUM\test-robot-image-gallery
  c:\Users\ysavchenko\.vscode\extensions\robocorp.robotframework-lsp-1.12.0\src
  c:\Users\ysavchenko\.vscode\extensions\robocorp.robotframework-lsp-1.12.0\src\robotframework_ls\vendored
  C:\Users\ysavchenko\AppData\Local\Programs\Python\Python310\python310.zip
  C:\Users\ysavchenko\AppData\Local\Programs\Python\Python310\DLLs
  C:\Users\ysavchenko\AppData\Local\Programs\Python\Python310\lib
  C:\Users\ysavchenko\AppData\Local\Programs\Python\Python310
  C:\Users\ysavchenko\AppData\Roaming\Python\Python310\site-packages
  C:\Users\ysavchenko\AppData\Roaming\Python\Python310\site-packages\win32
  C:\Users\ysavchenko\AppData\Roaming\Python\Python310\site-packages\win32\lib
  C:\Users\ysavchenko\AppData\Roaming\Python\Python310\site-packages\Pythonwin
  C:\Users\ysavchenko\AppData\Local\Programs\Python\Python310\lib\site-packages</msg>
</errors>
</robot>
